{"/home/nithin/Study/React/Episode 13/Part 3/src/components/Body.jsx": {"path":"/home/nithin/Study/React/Episode 13/Part 3/src/components/Body.jsx","statementMap":{"0":{"start":{"line":7,"column":13},"end":{"line":104,"column":1}},"1":{"start":{"line":8,"column":52},"end":{"line":8,"column":64}},"2":{"start":{"line":9,"column":40},"end":{"line":9,"column":52}},"3":{"start":{"line":10,"column":56},"end":{"line":10,"column":68}},"4":{"start":{"line":12,"column":29},"end":{"line":12,"column":62}},"5":{"start":{"line":13,"column":2},"end":{"line":15,"column":9}},"6":{"start":{"line":14,"column":4},"end":{"line":14,"column":16}},"7":{"start":{"line":16,"column":20},"end":{"line":28,"column":3}},"8":{"start":{"line":17,"column":21},"end":{"line":19,"column":5}},"9":{"start":{"line":21,"column":17},"end":{"line":21,"column":38}},"10":{"start":{"line":22,"column":4},"end":{"line":24,"column":6}},"11":{"start":{"line":25,"column":4},"end":{"line":27,"column":6}},"12":{"start":{"line":29,"column":23},"end":{"line":29,"column":40}},"13":{"start":{"line":30,"column":2},"end":{"line":32,"column":3}},"14":{"start":{"line":31,"column":4},"end":{"line":31,"column":53}},"15":{"start":{"line":34,"column":39},"end":{"line":34,"column":62}},"16":{"start":{"line":36,"column":2},"end":{"line":103,"column":4}},"17":{"start":{"line":49,"column":16},"end":{"line":49,"column":47}},"18":{"start":{"line":54,"column":45},"end":{"line":59,"column":17}},"19":{"start":{"line":56,"column":20},"end":{"line":58,"column":58}},"20":{"start":{"line":60,"column":16},"end":{"line":60,"column":61}},"21":{"start":{"line":70,"column":27},"end":{"line":70,"column":54}},"22":{"start":{"line":77,"column":43},"end":{"line":79,"column":15}},"23":{"start":{"line":78,"column":29},"end":{"line":78,"column":57}},"24":{"start":{"line":80,"column":14},"end":{"line":80,"column":59}},"25":{"start":{"line":91,"column":10},"end":{"line":99,"column":12}}},"fnMap":{"0":{"name":"(anonymous_0)","decl":{"start":{"line":7,"column":13},"end":{"line":7,"column":14}},"loc":{"start":{"line":7,"column":19},"end":{"line":104,"column":1}},"line":7},"1":{"name":"(anonymous_1)","decl":{"start":{"line":13,"column":12},"end":{"line":13,"column":13}},"loc":{"start":{"line":13,"column":18},"end":{"line":15,"column":3}},"line":13},"2":{"name":"(anonymous_2)","decl":{"start":{"line":16,"column":20},"end":{"line":16,"column":21}},"loc":{"start":{"line":16,"column":32},"end":{"line":28,"column":3}},"line":16},"3":{"name":"(anonymous_3)","decl":{"start":{"line":48,"column":24},"end":{"line":48,"column":25}},"loc":{"start":{"line":48,"column":31},"end":{"line":50,"column":15}},"line":48},"4":{"name":"(anonymous_4)","decl":{"start":{"line":53,"column":23},"end":{"line":53,"column":24}},"loc":{"start":{"line":53,"column":29},"end":{"line":61,"column":15}},"line":53},"5":{"name":"(anonymous_5)","decl":{"start":{"line":55,"column":18},"end":{"line":55,"column":19}},"loc":{"start":{"line":56,"column":20},"end":{"line":58,"column":58}},"line":56},"6":{"name":"(anonymous_6)","decl":{"start":{"line":70,"column":22},"end":{"line":70,"column":23}},"loc":{"start":{"line":70,"column":27},"end":{"line":70,"column":54}},"line":70},"7":{"name":"(anonymous_7)","decl":{"start":{"line":76,"column":21},"end":{"line":76,"column":22}},"loc":{"start":{"line":76,"column":27},"end":{"line":81,"column":13}},"line":76},"8":{"name":"(anonymous_8)","decl":{"start":{"line":78,"column":16},"end":{"line":78,"column":17}},"loc":{"start":{"line":78,"column":29},"end":{"line":78,"column":57}},"line":78},"9":{"name":"(anonymous_9)","decl":{"start":{"line":89,"column":33},"end":{"line":89,"column":34}},"loc":{"start":{"line":89,"column":46},"end":{"line":100,"column":9}},"line":89}},"branchMap":{"0":{"loc":{"start":{"line":30,"column":2},"end":{"line":32,"column":3}},"type":"if","locations":[{"start":{"line":30,"column":2},"end":{"line":32,"column":3}},{"start":{},"end":{}}],"line":30},"1":{"loc":{"start":{"line":36,"column":9},"end":{"line":103,"column":3}},"type":"cond-expr","locations":[{"start":{"line":37,"column":4},"end":{"line":37,"column":15}},{"start":{"line":39,"column":4},"end":{"line":102,"column":10}}],"line":36},"2":{"loc":{"start":{"line":93,"column":15},"end":{"line":97,"column":15}},"type":"cond-expr","locations":[{"start":{"line":94,"column":16},"end":{"line":94,"column":56}},{"start":{"line":96,"column":16},"end":{"line":96,"column":52}}],"line":93}},"s":{"0":1,"1":7,"2":7,"3":7,"4":7,"5":7,"6":2,"7":7,"8":2,"9":2,"10":2,"11":2,"12":7,"13":7,"14":0,"15":7,"16":7,"17":1,"18":1,"19":20,"20":1,"21":0,"22":1,"23":20,"24":1,"25":83},"f":{"0":7,"1":2,"2":2,"3":1,"4":1,"5":20,"6":0,"7":1,"8":20,"9":83},"b":{"0":[0,7],"1":[2,5],"2":[45,38]},"_coverageSchema":"1a1c01bbd47fc00a2c39e90264f33305004495a9","hash":"32787114c903ce65459aee106f5c0d4f6c8a6ef1"}
,"/home/nithin/Study/React/Episode 13/Part 3/src/components/Cart.jsx": {"path":"/home/nithin/Study/React/Episode 13/Part 3/src/components/Cart.jsx","statementMap":{"0":{"start":{"line":5,"column":13},"end":{"line":24,"column":1}},"1":{"start":{"line":10,"column":22},"end":{"line":10,"column":60}},"2":{"start":{"line":10,"column":43},"end":{"line":10,"column":59}},"3":{"start":{"line":11,"column":21},"end":{"line":11,"column":34}},"4":{"start":{"line":12,"column":28},"end":{"line":14,"column":5}},"5":{"start":{"line":13,"column":8},"end":{"line":13,"column":29}},"6":{"start":{"line":15,"column":4},"end":{"line":23,"column":5}}},"fnMap":{"0":{"name":"(anonymous_0)","decl":{"start":{"line":5,"column":13},"end":{"line":5,"column":14}},"loc":{"start":{"line":5,"column":18},"end":{"line":24,"column":1}},"line":5},"1":{"name":"(anonymous_1)","decl":{"start":{"line":10,"column":34},"end":{"line":10,"column":35}},"loc":{"start":{"line":10,"column":43},"end":{"line":10,"column":59}},"line":10},"2":{"name":"(anonymous_2)","decl":{"start":{"line":12,"column":28},"end":{"line":12,"column":29}},"loc":{"start":{"line":12,"column":33},"end":{"line":14,"column":5}},"line":12}},"branchMap":{},"s":{"0":1,"1":4,"2":8,"3":4,"4":4,"5":1,"6":4},"f":{"0":4,"1":8,"2":1},"b":{},"_coverageSchema":"1a1c01bbd47fc00a2c39e90264f33305004495a9","hash":"20ec0ace11fae4e90da6ef597546b0c2ea89682a"}
,"/home/nithin/Study/React/Episode 13/Part 3/src/components/ContactUs.jsx": {"path":"/home/nithin/Study/React/Episode 13/Part 3/src/components/ContactUs.jsx","statementMap":{"0":{"start":{"line":1,"column":18},"end":{"line":12,"column":1}},"1":{"start":{"line":2,"column":2},"end":{"line":11,"column":4}}},"fnMap":{"0":{"name":"(anonymous_0)","decl":{"start":{"line":1,"column":18},"end":{"line":1,"column":19}},"loc":{"start":{"line":1,"column":24},"end":{"line":12,"column":1}},"line":1}},"branchMap":{},"s":{"0":1,"1":5},"f":{"0":5},"b":{},"_coverageSchema":"1a1c01bbd47fc00a2c39e90264f33305004495a9","hash":"87129a08d7b9178e539543b012bae422d7ea3b20"}
,"/home/nithin/Study/React/Episode 13/Part 3/src/components/Header.jsx": {"path":"/home/nithin/Study/React/Episode 13/Part 3/src/components/Header.jsx","statementMap":{"0":{"start":{"line":7,"column":15},"end":{"line":42,"column":3}},"1":{"start":{"line":8,"column":35},"end":{"line":8,"column":52}},"2":{"start":{"line":9,"column":23},"end":{"line":9,"column":40}},"3":{"start":{"line":10,"column":25},"end":{"line":10,"column":48}},"4":{"start":{"line":16,"column":20},"end":{"line":16,"column":58}},"5":{"start":{"line":16,"column":41},"end":{"line":16,"column":57}},"6":{"start":{"line":17,"column":4},"end":{"line":41,"column":5}},"7":{"start":{"line":33,"column":16},"end":{"line":33,"column":80}}},"fnMap":{"0":{"name":"(anonymous_0)","decl":{"start":{"line":7,"column":15},"end":{"line":7,"column":16}},"loc":{"start":{"line":7,"column":21},"end":{"line":42,"column":3}},"line":7},"1":{"name":"(anonymous_1)","decl":{"start":{"line":16,"column":32},"end":{"line":16,"column":33}},"loc":{"start":{"line":16,"column":41},"end":{"line":16,"column":57}},"line":16},"2":{"name":"(anonymous_2)","decl":{"start":{"line":32,"column":15},"end":{"line":32,"column":16}},"loc":{"start":{"line":32,"column":19},"end":{"line":34,"column":16}},"line":32}},"branchMap":{"0":{"loc":{"start":{"line":24,"column":33},"end":{"line":24,"column":55}},"type":"cond-expr","locations":[{"start":{"line":24,"column":46},"end":{"line":24,"column":50}},{"start":{"line":24,"column":51},"end":{"line":24,"column":55}}],"line":24},"1":{"loc":{"start":{"line":33,"column":16},"end":{"line":33,"column":80}},"type":"cond-expr","locations":[{"start":{"line":33,"column":36},"end":{"line":33,"column":58}},{"start":{"line":33,"column":59},"end":{"line":33,"column":80}}],"line":33}},"s":{"0":2,"1":10,"2":10,"3":10,"4":10,"5":19,"6":10,"7":1},"f":{"0":10,"1":19,"2":1},"b":{"0":[10,0],"1":[1,0]},"_coverageSchema":"1a1c01bbd47fc00a2c39e90264f33305004495a9","hash":"4c54c91b32daac69716b592ab4ae23c5327c201a"}
,"/home/nithin/Study/React/Episode 13/Part 3/src/components/ItemList.jsx": {"path":"/home/nithin/Study/React/Episode 13/Part 3/src/components/ItemList.jsx","statementMap":{"0":{"start":{"line":4,"column":17},"end":{"line":26,"column":1}},"1":{"start":{"line":6,"column":19},"end":{"line":6,"column":32}},"2":{"start":{"line":7,"column":24},"end":{"line":9,"column":3}},"3":{"start":{"line":8,"column":4},"end":{"line":8,"column":31}},"4":{"start":{"line":10,"column":2},"end":{"line":10,"column":40}},"5":{"start":{"line":11,"column":2},"end":{"line":25,"column":5}},"6":{"start":{"line":12,"column":4},"end":{"line":24,"column":6}},"7":{"start":{"line":21,"column":31},"end":{"line":21,"column":53}}},"fnMap":{"0":{"name":"(anonymous_0)","decl":{"start":{"line":4,"column":17},"end":{"line":4,"column":18}},"loc":{"start":{"line":4,"column":44},"end":{"line":26,"column":1}},"line":4},"1":{"name":"(anonymous_1)","decl":{"start":{"line":7,"column":24},"end":{"line":7,"column":25}},"loc":{"start":{"line":7,"column":36},"end":{"line":9,"column":3}},"line":7},"2":{"name":"(anonymous_2)","decl":{"start":{"line":11,"column":25},"end":{"line":11,"column":26}},"loc":{"start":{"line":11,"column":38},"end":{"line":25,"column":3}},"line":11},"3":{"name":"(anonymous_3)","decl":{"start":{"line":21,"column":27},"end":{"line":21,"column":28}},"loc":{"start":{"line":21,"column":31},"end":{"line":21,"column":53}},"line":21}},"branchMap":{},"s":{"0":1,"1":6,"2":6,"3":2,"4":6,"5":6,"6":30,"7":2},"f":{"0":6,"1":2,"2":30,"3":2},"b":{},"_coverageSchema":"1a1c01bbd47fc00a2c39e90264f33305004495a9","hash":"cccf8a94d58c13cd98862cd58bffe7947bb77177"}
,"/home/nithin/Study/React/Episode 13/Part 3/src/components/RestaurantCard.jsx": {"path":"/home/nithin/Study/React/Episode 13/Part 3/src/components/RestaurantCard.jsx","statementMap":{"0":{"start":{"line":4,"column":25},"end":{"line":21,"column":3}},"1":{"start":{"line":6,"column":54},"end":{"line":6,"column":72}},"2":{"start":{"line":7,"column":4},"end":{"line":20,"column":5}},"3":{"start":{"line":23,"column":33},"end":{"line":34,"column":1}},"4":{"start":{"line":25,"column":2},"end":{"line":33,"column":3}},"5":{"start":{"line":26,"column":4},"end":{"line":32,"column":5}}},"fnMap":{"0":{"name":"(anonymous_0)","decl":{"start":{"line":4,"column":25},"end":{"line":4,"column":26}},"loc":{"start":{"line":4,"column":36},"end":{"line":21,"column":3}},"line":4},"1":{"name":"(anonymous_1)","decl":{"start":{"line":23,"column":33},"end":{"line":23,"column":34}},"loc":{"start":{"line":23,"column":52},"end":{"line":34,"column":1}},"line":23},"2":{"name":"(anonymous_2)","decl":{"start":{"line":25,"column":9},"end":{"line":25,"column":10}},"loc":{"start":{"line":25,"column":18},"end":{"line":33,"column":3}},"line":25}},"branchMap":{},"s":{"0":2,"1":85,"2":85,"3":2,"4":8,"5":46},"f":{"0":85,"1":8,"2":46},"b":{},"_coverageSchema":"1a1c01bbd47fc00a2c39e90264f33305004495a9","hash":"5e749e8357af954039317a145d0820648fc31a84"}
,"/home/nithin/Study/React/Episode 13/Part 3/src/components/RestaurantCategory.jsx": {"path":"/home/nithin/Study/React/Episode 13/Part 3/src/components/RestaurantCategory.jsx","statementMap":{"0":{"start":{"line":3,"column":27},"end":{"line":25,"column":1}},"1":{"start":{"line":6,"column":22},"end":{"line":8,"column":3}},"2":{"start":{"line":7,"column":4},"end":{"line":7,"column":20}},"3":{"start":{"line":10,"column":2},"end":{"line":24,"column":4}}},"fnMap":{"0":{"name":"(anonymous_0)","decl":{"start":{"line":3,"column":27},"end":{"line":3,"column":28}},"loc":{"start":{"line":3,"column":70},"end":{"line":25,"column":1}},"line":3},"1":{"name":"(anonymous_1)","decl":{"start":{"line":6,"column":22},"end":{"line":6,"column":23}},"loc":{"start":{"line":6,"column":28},"end":{"line":8,"column":3}},"line":6}},"branchMap":{"0":{"loc":{"start":{"line":20,"column":9},"end":{"line":20,"column":75}},"type":"binary-expr","locations":[{"start":{"line":20,"column":9},"end":{"line":20,"column":17}},{"start":{"line":20,"column":21},"end":{"line":20,"column":75}}],"line":20}},"s":{"0":1,"1":28,"2":1,"3":28},"f":{"0":28,"1":1},"b":{"0":[28,2]},"_coverageSchema":"1a1c01bbd47fc00a2c39e90264f33305004495a9","hash":"3a61d7fa4bb212bf2990c994584b8874268985f8"}
,"/home/nithin/Study/React/Episode 13/Part 3/src/components/RestaurantMenu.jsx": {"path":"/home/nithin/Study/React/Episode 13/Part 3/src/components/RestaurantMenu.jsx","statementMap":{"0":{"start":{"line":7,"column":23},"end":{"line":40,"column":1}},"1":{"start":{"line":8,"column":37},"end":{"line":8,"column":48}},"2":{"start":{"line":9,"column":18},"end":{"line":9,"column":29}},"3":{"start":{"line":10,"column":20},"end":{"line":10,"column":44}},"4":{"start":{"line":11,"column":4},"end":{"line":13,"column":5}},"5":{"start":{"line":12,"column":8},"end":{"line":12,"column":26}},"6":{"start":{"line":14,"column":26},"end":{"line":14,"column":61}},"7":{"start":{"line":15,"column":24},"end":{"line":15,"column":98}},"8":{"start":{"line":16,"column":23},"end":{"line":19,"column":5}},"9":{"start":{"line":18,"column":8},"end":{"line":18,"column":101}},"10":{"start":{"line":20,"column":18},"end":{"line":20,"column":30}},"11":{"start":{"line":22,"column":4},"end":{"line":39,"column":5}},"12":{"start":{"line":27,"column":20},"end":{"line":33,"column":22}},"13":{"start":{"line":31,"column":43},"end":{"line":31,"column":62}}},"fnMap":{"0":{"name":"(anonymous_0)","decl":{"start":{"line":7,"column":23},"end":{"line":7,"column":24}},"loc":{"start":{"line":7,"column":29},"end":{"line":40,"column":1}},"line":7},"1":{"name":"(anonymous_1)","decl":{"start":{"line":16,"column":90},"end":{"line":16,"column":91}},"loc":{"start":{"line":18,"column":8},"end":{"line":18,"column":101}},"line":18},"2":{"name":"(anonymous_2)","decl":{"start":{"line":26,"column":31},"end":{"line":26,"column":32}},"loc":{"start":{"line":27,"column":20},"end":{"line":33,"column":22}},"line":27},"3":{"name":"(anonymous_3)","decl":{"start":{"line":31,"column":39},"end":{"line":31,"column":40}},"loc":{"start":{"line":31,"column":43},"end":{"line":31,"column":62}},"line":31}},"branchMap":{"0":{"loc":{"start":{"line":11,"column":4},"end":{"line":13,"column":5}},"type":"if","locations":[{"start":{"line":11,"column":4},"end":{"line":13,"column":5}},{"start":{},"end":{}}],"line":11},"1":{"loc":{"start":{"line":30,"column":36},"end":{"line":30,"column":68}},"type":"cond-expr","locations":[{"start":{"line":30,"column":56},"end":{"line":30,"column":60}},{"start":{"line":30,"column":63},"end":{"line":30,"column":68}}],"line":30}},"s":{"0":1,"1":3,"2":3,"3":3,"4":3,"5":1,"6":2,"7":2,"8":2,"9":34,"10":2,"11":2,"12":28,"13":1},"f":{"0":3,"1":34,"2":28,"3":1},"b":{"0":[1,2],"1":[2,26]},"_coverageSchema":"1a1c01bbd47fc00a2c39e90264f33305004495a9","hash":"2b6ae816e95b238ee8a610a8fd9dc8764d52f248"}
,"/home/nithin/Study/React/Episode 13/Part 3/src/components/Shimmer.jsx": {"path":"/home/nithin/Study/React/Episode 13/Part 3/src/components/Shimmer.jsx","statementMap":{"0":{"start":{"line":1,"column":15},"end":{"line":26,"column":5}},"1":{"start":{"line":2,"column":4},"end":{"line":25,"column":9}}},"fnMap":{"0":{"name":"(anonymous_0)","decl":{"start":{"line":1,"column":15},"end":{"line":1,"column":16}},"loc":{"start":{"line":1,"column":19},"end":{"line":26,"column":5}},"line":1}},"branchMap":{},"s":{"0":2,"1":3},"f":{"0":3},"b":{},"_coverageSchema":"1a1c01bbd47fc00a2c39e90264f33305004495a9","hash":"1e4d3e2f7441a29903ba40293d74d41595511a42"}
,"/home/nithin/Study/React/Episode 13/Part 3/src/components/sum.js": {"path":"/home/nithin/Study/React/Episode 13/Part 3/src/components/sum.js","statementMap":{"0":{"start":{"line":1,"column":19},"end":{"line":3,"column":1}},"1":{"start":{"line":2,"column":4},"end":{"line":2,"column":14}}},"fnMap":{"0":{"name":"(anonymous_0)","decl":{"start":{"line":1,"column":19},"end":{"line":1,"column":20}},"loc":{"start":{"line":1,"column":28},"end":{"line":3,"column":1}},"line":1}},"branchMap":{},"s":{"0":1,"1":1},"f":{"0":1},"b":{},"_coverageSchema":"1a1c01bbd47fc00a2c39e90264f33305004495a9","hash":"868beb5d62a2d528e9dc1697370c5c679900da7b"}
,"/home/nithin/Study/React/Episode 13/Part 3/src/utils/UserContext.js": {"path":"/home/nithin/Study/React/Episode 13/Part 3/src/utils/UserContext.js","statementMap":{"0":{"start":{"line":3,"column":20},"end":{"line":5,"column":2}}},"fnMap":{},"branchMap":{},"s":{"0":3},"f":{},"b":{},"_coverageSchema":"1a1c01bbd47fc00a2c39e90264f33305004495a9","hash":"0a4489176e44cb52f85d122a365313826cc8f513"}
,"/home/nithin/Study/React/Episode 13/Part 3/src/utils/appStore.jsx": {"path":"/home/nithin/Study/React/Episode 13/Part 3/src/utils/appStore.jsx","statementMap":{"0":{"start":{"line":4,"column":17},"end":{"line":9,"column":2}}},"fnMap":{},"branchMap":{},"s":{"0":2},"f":{},"b":{},"_coverageSchema":"1a1c01bbd47fc00a2c39e90264f33305004495a9","hash":"b789d8fe82283a5d2c0dc01ebfba680934a3370e"}
,"/home/nithin/Study/React/Episode 13/Part 3/src/utils/cartSlice.jsx": {"path":"/home/nithin/Study/React/Episode 13/Part 3/src/utils/cartSlice.jsx","statementMap":{"0":{"start":{"line":3,"column":18},"end":{"line":39,"column":2}},"1":{"start":{"line":22,"column":13},"end":{"line":22,"column":45}},"2":{"start":{"line":25,"column":12},"end":{"line":25,"column":30}},"3":{"start":{"line":31,"column":12},"end":{"line":31,"column":39}},"4":{"start":{"line":34,"column":12},"end":{"line":34,"column":32}},"5":{"start":{"line":43,"column":47},"end":{"line":43,"column":64}}},"fnMap":{"0":{"name":"(anonymous_0)","decl":{"start":{"line":11,"column":17},"end":{"line":11,"column":18}},"loc":{"start":{"line":11,"column":33},"end":{"line":23,"column":9}},"line":11},"1":{"name":"(anonymous_1)","decl":{"start":{"line":24,"column":19},"end":{"line":24,"column":20}},"loc":{"start":{"line":24,"column":29},"end":{"line":26,"column":9}},"line":24},"2":{"name":"(anonymous_2)","decl":{"start":{"line":29,"column":18},"end":{"line":29,"column":19}},"loc":{"start":{"line":29,"column":27},"end":{"line":37,"column":9}},"line":29}},"branchMap":{},"s":{"0":2,"1":2,"2":0,"3":1,"4":1,"5":2},"f":{"0":2,"1":0,"2":1},"b":{},"_coverageSchema":"1a1c01bbd47fc00a2c39e90264f33305004495a9","hash":"4fa0f93357e5b3f80e42d230b7fc1914da7da064"}
,"/home/nithin/Study/React/Episode 13/Part 3/src/utils/constants.js": {"path":"/home/nithin/Study/React/Episode 13/Part 3/src/utils/constants.js","statementMap":{"0":{"start":{"line":1,"column":29},"end":{"line":1,"column":120}},"1":{"start":{"line":2,"column":24},"end":{"line":2,"column":154}},"2":{"start":{"line":5,"column":34},"end":{"line":5,"column":156}}},"fnMap":{},"branchMap":{},"s":{"0":4,"1":4,"2":4},"f":{},"b":{},"_coverageSchema":"1a1c01bbd47fc00a2c39e90264f33305004495a9","hash":"27a19a573fe0d424240097c03265bf0f9021eb92"}
,"/home/nithin/Study/React/Episode 13/Part 3/src/utils/useOnlineStatus.jsx": {"path":"/home/nithin/Study/React/Episode 13/Part 3/src/utils/useOnlineStatus.jsx","statementMap":{"0":{"start":{"line":2,"column":24},"end":{"line":15,"column":1}},"1":{"start":{"line":4,"column":41},"end":{"line":4,"column":55}},"2":{"start":{"line":5,"column":4},"end":{"line":12,"column":9}},"3":{"start":{"line":6,"column":8},"end":{"line":8,"column":10}},"4":{"start":{"line":7,"column":12},"end":{"line":7,"column":34}},"5":{"start":{"line":9,"column":8},"end":{"line":11,"column":10}},"6":{"start":{"line":10,"column":12},"end":{"line":10,"column":33}},"7":{"start":{"line":14,"column":4},"end":{"line":14,"column":23}}},"fnMap":{"0":{"name":"(anonymous_0)","decl":{"start":{"line":2,"column":24},"end":{"line":2,"column":25}},"loc":{"start":{"line":2,"column":29},"end":{"line":15,"column":1}},"line":2},"1":{"name":"(anonymous_1)","decl":{"start":{"line":5,"column":14},"end":{"line":5,"column":15}},"loc":{"start":{"line":5,"column":18},"end":{"line":12,"column":5}},"line":5},"2":{"name":"(anonymous_2)","decl":{"start":{"line":6,"column":42},"end":{"line":6,"column":43}},"loc":{"start":{"line":6,"column":46},"end":{"line":8,"column":9}},"line":6},"3":{"name":"(anonymous_3)","decl":{"start":{"line":9,"column":41},"end":{"line":9,"column":42}},"loc":{"start":{"line":9,"column":45},"end":{"line":11,"column":9}},"line":9}},"branchMap":{},"s":{"0":3,"1":17,"2":17,"3":8,"4":0,"5":8,"6":0,"7":17},"f":{"0":17,"1":8,"2":0,"3":0},"b":{},"_coverageSchema":"1a1c01bbd47fc00a2c39e90264f33305004495a9","hash":"243787c73e3a80de0ea1c0c31697005183da58b7"}
,"/home/nithin/Study/React/Episode 13/Part 3/src/utils/useRestaurantMenu.jsx": {"path":"/home/nithin/Study/React/Episode 13/Part 3/src/utils/useRestaurantMenu.jsx","statementMap":{"0":{"start":{"line":3,"column":26},"end":{"line":15,"column":1}},"1":{"start":{"line":4,"column":31},"end":{"line":4,"column":43}},"2":{"start":{"line":5,"column":4},"end":{"line":7,"column":9}},"3":{"start":{"line":6,"column":8},"end":{"line":6,"column":27}},"4":{"start":{"line":8,"column":30},"end":{"line":13,"column":5}},"5":{"start":{"line":9,"column":26},"end":{"line":9,"column":64}},"6":{"start":{"line":11,"column":21},"end":{"line":11,"column":42}},"7":{"start":{"line":12,"column":8},"end":{"line":12,"column":29}},"8":{"start":{"line":14,"column":4},"end":{"line":14,"column":18}}},"fnMap":{"0":{"name":"(anonymous_0)","decl":{"start":{"line":3,"column":26},"end":{"line":3,"column":27}},"loc":{"start":{"line":3,"column":37},"end":{"line":15,"column":1}},"line":3},"1":{"name":"(anonymous_1)","decl":{"start":{"line":5,"column":14},"end":{"line":5,"column":15}},"loc":{"start":{"line":5,"column":18},"end":{"line":7,"column":5}},"line":5},"2":{"name":"(anonymous_2)","decl":{"start":{"line":8,"column":30},"end":{"line":8,"column":31}},"loc":{"start":{"line":8,"column":41},"end":{"line":13,"column":5}},"line":8}},"branchMap":{},"s":{"0":1,"1":3,"2":3,"3":1,"4":3,"5":1,"6":1,"7":1,"8":3},"f":{"0":3,"1":1,"2":1},"b":{},"_coverageSchema":"1a1c01bbd47fc00a2c39e90264f33305004495a9","hash":"911a800edbd46adce2b003bc879a030b3cae0e21"}
}
