TN:
SF:src/components/Body.jsx
FN:7,(anonymous_0)
FN:13,(anonymous_1)
FN:16,(anonymous_2)
FN:48,(anonymous_3)
FN:53,(anonymous_4)
FN:55,(anonymous_5)
FN:70,(anonymous_6)
FN:76,(anonymous_7)
FN:78,(anonymous_8)
FN:89,(anonymous_9)
FNF:10
FNH:9
FNDA:7,(anonymous_0)
FNDA:2,(anonymous_1)
FNDA:2,(anonymous_2)
FNDA:1,(anonymous_3)
FNDA:1,(anonymous_4)
FNDA:20,(anonymous_5)
FNDA:0,(anonymous_6)
FNDA:1,(anonymous_7)
FNDA:20,(anonymous_8)
FNDA:83,(anonymous_9)
DA:7,1
DA:8,7
DA:9,7
DA:10,7
DA:12,7
DA:13,7
DA:14,2
DA:16,7
DA:17,2
DA:21,2
DA:22,2
DA:25,2
DA:29,7
DA:30,7
DA:31,0
DA:34,7
DA:36,7
DA:49,1
DA:54,1
DA:56,20
DA:60,1
DA:70,0
DA:77,1
DA:78,20
DA:80,1
DA:91,83
LF:26
LH:24
BRDA:30,0,0,0
BRDA:30,0,1,7
BRDA:36,1,0,2
BRDA:36,1,1,5
BRDA:93,2,0,45
BRDA:93,2,1,38
BRF:6
BRH:5
end_of_record
TN:
SF:src/components/Cart.jsx
FN:5,(anonymous_0)
FN:10,(anonymous_1)
FN:12,(anonymous_2)
FNF:3
FNH:3
FNDA:4,(anonymous_0)
FNDA:8,(anonymous_1)
FNDA:1,(anonymous_2)
DA:5,1
DA:10,8
DA:11,4
DA:12,4
DA:13,1
DA:15,4
LF:6
LH:6
BRF:0
BRH:0
end_of_record
TN:
SF:src/components/ContactUs.jsx
FN:1,(anonymous_0)
FNF:1
FNH:1
FNDA:5,(anonymous_0)
DA:1,1
DA:2,5
LF:2
LH:2
BRF:0
BRH:0
end_of_record
TN:
SF:src/components/Header.jsx
FN:7,(anonymous_0)
FN:16,(anonymous_1)
FN:32,(anonymous_2)
FNF:3
FNH:3
FNDA:10,(anonymous_0)
FNDA:19,(anonymous_1)
FNDA:1,(anonymous_2)
DA:7,2
DA:8,10
DA:9,10
DA:10,10
DA:16,19
DA:17,10
DA:33,1
LF:7
LH:7
BRDA:24,0,0,10
BRDA:24,0,1,0
BRDA:33,1,0,1
BRDA:33,1,1,0
BRF:4
BRH:2
end_of_record
TN:
SF:src/components/ItemList.jsx
FN:4,(anonymous_0)
FN:7,(anonymous_1)
FN:11,(anonymous_2)
FN:21,(anonymous_3)
FNF:4
FNH:4
FNDA:6,(anonymous_0)
FNDA:2,(anonymous_1)
FNDA:30,(anonymous_2)
FNDA:2,(anonymous_3)
DA:4,1
DA:6,6
DA:7,6
DA:8,2
DA:10,6
DA:11,6
DA:12,30
DA:21,2
LF:8
LH:8
BRF:0
BRH:0
end_of_record
TN:
SF:src/components/RestaurantCard.jsx
FN:4,(anonymous_0)
FN:23,(anonymous_1)
FN:25,(anonymous_2)
FNF:3
FNH:3
FNDA:85,(anonymous_0)
FNDA:8,(anonymous_1)
FNDA:46,(anonymous_2)
DA:4,2
DA:6,85
DA:7,85
DA:23,2
DA:25,8
DA:26,46
LF:6
LH:6
BRF:0
BRH:0
end_of_record
TN:
SF:src/components/RestaurantCategory.jsx
FN:3,(anonymous_0)
FN:6,(anonymous_1)
FNF:2
FNH:2
FNDA:28,(anonymous_0)
FNDA:1,(anonymous_1)
DA:3,1
DA:6,28
DA:7,1
DA:10,28
LF:4
LH:4
BRDA:20,0,0,28
BRDA:20,0,1,2
BRF:2
BRH:2
end_of_record
TN:
SF:src/components/RestaurantMenu.jsx
FN:7,(anonymous_0)
FN:16,(anonymous_1)
FN:26,(anonymous_2)
FN:31,(anonymous_3)
FNF:4
FNH:4
FNDA:3,(anonymous_0)
FNDA:34,(anonymous_1)
FNDA:28,(anonymous_2)
FNDA:1,(anonymous_3)
DA:7,1
DA:8,3
DA:9,3
DA:10,3
DA:11,3
DA:12,1
DA:14,2
DA:15,2
DA:16,2
DA:18,34
DA:20,2
DA:22,2
DA:27,28
DA:31,1
LF:14
LH:14
BRDA:11,0,0,1
BRDA:11,0,1,2
BRDA:30,1,0,2
BRDA:30,1,1,26
BRF:4
BRH:4
end_of_record
TN:
SF:src/components/Shimmer.jsx
FN:1,(anonymous_0)
FNF:1
FNH:1
FNDA:3,(anonymous_0)
DA:1,2
DA:2,3
LF:2
LH:2
BRF:0
BRH:0
end_of_record
TN:
SF:src/components/sum.js
FN:1,(anonymous_0)
FNF:1
FNH:1
FNDA:1,(anonymous_0)
DA:1,1
DA:2,1
LF:2
LH:2
BRF:0
BRH:0
end_of_record
TN:
SF:src/utils/UserContext.js
FNF:0
FNH:0
DA:3,3
LF:1
LH:1
BRF:0
BRH:0
end_of_record
TN:
SF:src/utils/appStore.jsx
FNF:0
FNH:0
DA:4,2
LF:1
LH:1
BRF:0
BRH:0
end_of_record
TN:
SF:src/utils/cartSlice.jsx
FN:11,(anonymous_0)
FN:24,(anonymous_1)
FN:29,(anonymous_2)
FNF:3
FNH:2
FNDA:2,(anonymous_0)
FNDA:0,(anonymous_1)
FNDA:1,(anonymous_2)
DA:3,2
DA:22,2
DA:25,0
DA:31,1
DA:34,1
DA:43,2
LF:6
LH:5
BRF:0
BRH:0
end_of_record
TN:
SF:src/utils/constants.js
FNF:0
FNH:0
DA:1,4
DA:2,4
DA:5,4
LF:3
LH:3
BRF:0
BRH:0
end_of_record
TN:
SF:src/utils/useOnlineStatus.jsx
FN:2,(anonymous_0)
FN:5,(anonymous_1)
FN:6,(anonymous_2)
FN:9,(anonymous_3)
FNF:4
FNH:2
FNDA:17,(anonymous_0)
FNDA:8,(anonymous_1)
FNDA:0,(anonymous_2)
FNDA:0,(anonymous_3)
DA:2,3
DA:4,17
DA:5,17
DA:6,8
DA:7,0
DA:9,8
DA:10,0
DA:14,17
LF:8
LH:6
BRF:0
BRH:0
end_of_record
TN:
SF:src/utils/useRestaurantMenu.jsx
FN:3,(anonymous_0)
FN:5,(anonymous_1)
FN:8,(anonymous_2)
FNF:3
FNH:3
FNDA:3,(anonymous_0)
FNDA:1,(anonymous_1)
FNDA:1,(anonymous_2)
DA:3,1
DA:4,3
DA:5,3
DA:6,1
DA:8,3
DA:9,1
DA:11,1
DA:12,1
DA:14,3
LF:9
LH:9
BRF:0
BRH:0
end_of_record
